Change Component Designator: Old Designator=C? New Designator=C1
Change Component Designator: Old Designator=C? New Designator=C2
Change Component Designator: Old Designator=C? New Designator=C3
Change Component Designator: Old Designator=D? New Designator=D1
Change Component Designator: Old Designator=D? New Designator=D2
Change Component Designator: Old Designator=D? New Designator=D3
Change Component Designator: Old Designator=D? New Designator=D4
Change Component Designator: Old Designator=E? New Designator=E1
Change Component Designator: Old Designator=E? New Designator=E2
Change Component Designator: Old Designator=E? New Designator=E3
Change Component Designator: Old Designator=E? New Designator=E4
Change Component Designator: Old Designator=IC? New Designator=IC1
Change Component Designator: Old Designator=IC? New Designator=IC2
Change Component Designator: Old Designator=IC? New Designator=IC3
Change Component Designator: Old Designator=JP? New Designator=JP1
Change Component Designator: Old Designator=JP? New Designator=JP2
Change Component Designator: Old Designator=JP? New Designator=JP3
Change Component Designator: Old Designator=JP? New Designator=JP4
Change Component Designator: Old Designator=JP? New Designator=JP5
Change Component Designator: Old Designator=JP? New Designator=JP6
Change Component Designator: Old Designator=JP? New Designator=JP7
Change Component Designator: Old Designator=JP? New Designator=JP8
Change Component Designator: Old Designator=JP? New Designator=JP9
Change Component Designator: Old Designator=JP? New Designator=JP10
Change Component Designator: Old Designator=LED? New Designator=LED1
Change Component Designator: Old Designator=LED? New Designator=LED2
Change Component Designator: Old Designator=LED? New Designator=LED3
Change Component Designator: Old Designator=LED? New Designator=LED4
Change Component Designator: Old Designator=LED? New Designator=LED5
Change Component Designator: Old Designator=LED? New Designator=LED6
Change Component Designator: Old Designator=M? New Designator=M1
Change Component Designator: Old Designator=R? New Designator=R1
Change Component Designator: Old Designator=R? New Designator=R2
Change Component Designator: Old Designator=R? New Designator=R3
Change Component Designator: Old Designator=R? New Designator=R4
Change Component Designator: Old Designator=R? New Designator=R5
Change Component Designator: Old Designator=R? New Designator=R6
Change Component Designator: Old Designator=R? New Designator=R7
Change Component Designator: Old Designator=R? New Designator=R8
Change Component Designator: Old Designator=R? New Designator=R9
Change Component Designator: Old Designator=R? New Designator=R10
Change Component Designator: Old Designator=R? New Designator=R11
Change Component Designator: Old Designator=R? New Designator=R12
Change Component Designator: Old Designator=R? New Designator=R13
Change Component Designator: Old Designator=R? New Designator=R14
Change Component Designator: Old Designator=R? New Designator=R15
Change Component Designator: Old Designator=R? New Designator=R16
Change Component Designator: Old Designator=R? New Designator=R17
Change Component Designator: Old Designator=R? New Designator=R18
Change Component Designator: Old Designator=R? New Designator=R19
Change Component Designator: Old Designator=R? New Designator=R20
Change Component Designator: Old Designator=R? New Designator=R21
Change Component Designator: Old Designator=R? New Designator=R22
Change Component Designator: Old Designator=R? New Designator=R23
Change Component Designator: Old Designator=R? New Designator=R24
Change Component Designator: Old Designator=R? New Designator=R25
Change Component Designator: Old Designator=R? New Designator=R26
Change Component Designator: Old Designator=R? New Designator=R27
Change Component Designator: Old Designator=R? New Designator=R28
Change Component Designator: Old Designator=R? New Designator=R29
Change Component Designator: Old Designator=R? New Designator=R30
Change Component Designator: Old Designator=R? New Designator=R31
Change Component Designator: Old Designator=R? New Designator=R32
Change Component Designator: Old Designator=R? New Designator=R33
Change Component Designator: Old Designator=RP? New Designator=RP1
Change Component Designator: Old Designator=U? New Designator=U1
Change Component Designator: Old Designator=V? New Designator=V1
Change Component Designator: Old Designator=X? New Designator=X1
